-------------------------------------------------------------------------------
Test set: org.example.Ejercicio2Test
-------------------------------------------------------------------------------
Tests run: 3, Failures: 1, Errors: 0, Skipped: 0, Time elapsed: 0.117 s <<< FAILURE! - in org.example.Ejercicio2Test
org.example.Ejercicio2Test.listasUnidas  Time elapsed: 0.034 s  <<< FAILURE!
org.opentest4j.AssertionFailedError: expected: <[1, 1, 2, 3, 3, 4, 4]> but was: <[1, 2, 3, 4, 1, 2, 3, 4]>
	at org.example.Ejercicio2Test.listasUnidas(Ejercicio2Test.java:42)

